\BOOKMARK [1][-]{section*.1}{}{}% 1
\BOOKMARK [1][-]{section*.2}{}{}% 2
\BOOKMARK [1][-]{section*.4}{}{}% 3
\BOOKMARK [1][-]{section*.5}{}{}% 4
\BOOKMARK [1][-]{section*.6}{}{}% 5
\BOOKMARK [1][-]{section*.7}{}{}% 6
\BOOKMARK [1][-]{section*.8}{}{}% 7
\BOOKMARK [1][-]{section*.9}{}{}% 8
\BOOKMARK [1][-]{section*.10}{}{}% 9
\BOOKMARK [1][-]{section*.11}{}{}% 10
\BOOKMARK [1][-]{section*.12}{}{}% 11
\BOOKMARK [1][-]{section*.13}{}{}% 12
\BOOKMARK [1][-]{section*.14}{}{}% 13
\BOOKMARK [1][-]{section*.15}{}{}% 14
\BOOKMARK [1][-]{section*.16}{}{}% 15
\BOOKMARK [1][-]{section*.17}{}{}% 16
\BOOKMARK [1][-]{section*.18}{}{}% 17
\BOOKMARK [1][-]{section*.19}{}{}% 18
\BOOKMARK [1][-]{section*.20}{}{}% 19
\BOOKMARK [1][-]{section*.21}{}{}% 20
\BOOKMARK [1][-]{section*.22}{}{}% 21
\BOOKMARK [1][-]{section*.23}{}{}% 22
\BOOKMARK [1][-]{section*.24}{}{}% 23
\BOOKMARK [1][-]{section*.25}{Cap\355tulo 2}{}% 24
\BOOKMARK [2][-]{section*.26}{Trabajo relacionado}{section*.25}% 25
\BOOKMARK [3][-]{section*.27}{2.1 Introducci\363n: La Wikipedia.}{section*.26}% 26
\BOOKMARK [3][-]{section*.28}{2.2 Estructura de Wikipedia}{section*.26}% 27
\BOOKMARK [4][-]{section*.29}{2.2.1 Recursos estructurados}{section*.28}% 28
\BOOKMARK [4][-]{section*.30}{2.2.2 Recursos no estructurados}{section*.28}% 29
\BOOKMARK [4][-]{section*.31}{2.2.3 Art\355culos}{section*.28}% 30
\BOOKMARK [4][-]{section*.32}{2.2.3.1 Formato de los art\355culos: P\341ginas wiki}{section*.28}% 31
\BOOKMARK [4][-]{section*.33}{}{section*.28}% 32
\BOOKMARK [4][-]{section*.34}{2.2.3.2 Contenido de las P\341ginas wiki: Art\355culos}{section*.28}% 33
\BOOKMARK [4][-]{section*.35}{}{section*.28}% 34
\BOOKMARK [4][-]{section*.36}{2.2.4 P\341ginas de redireccionamiento}{section*.28}% 35
\BOOKMARK [4][-]{section*.37}{}{section*.28}% 36
\BOOKMARK [4][-]{section*.38}{2.2.5 P\341ginas de desambiguaci\363n}{section*.28}% 37
\BOOKMARK [4][-]{section*.39}{2.2.6 Categor\355as de la Wikipedia}{section*.28}% 38
\BOOKMARK [4][-]{section*.40}{2.2.7 Wikipedia como recurso para descarga}{section*.28}% 39
\BOOKMARK [4][-]{section*.41}{2.3 Representaciones de Wikipedia}{section*.28}% 40
\BOOKMARK [4][-]{section*.42}{2.4 Wikipedia en el Procesamiento de Lenguaje Natural}{section*.28}% 41
\BOOKMARK [4][-]{section*.43}{2.4.1 Recuperaci\363n de Informaci\363n \(RI\)}{section*.28}% 42
\BOOKMARK [4][-]{section*.44}{2.5 Categorizaci\363n de textos}{section*.28}% 43
\BOOKMARK [3][-]{section*.45}{Grafos de Wikipedia}{section*.26}% 44
\BOOKMARK [3][-]{section*.46}{Grafo de categor\355as de Wikipedia -GCW}{section*.26}% 45
\BOOKMARK [3][-]{section*.47}{Medidas de proximidad sem\341ntica aplicadas a un grafo}{section*.26}% 46
\BOOKMARK [3][-]{section*.48}{Grafo de art\355culos de Wikipedia \205 GAW \(Wikipedia Article Graph\)}{section*.26}% 47
\BOOKMARK [3][-]{section*.49}{Relaciones entre palabras}{section*.26}% 48
\BOOKMARK [3][-]{section*.50}{WordNet}{section*.26}% 49
\BOOKMARK [3][-]{section*.51}{Wikipedia como red}{section*.26}% 50
\BOOKMARK [3][-]{section*.52}{Desambiguaci\363n del sentido de las palabras}{section*.26}% 51
\BOOKMARK [3][-]{section*.53}{M\351todos basados en conocimiento}{section*.26}% 52
\BOOKMARK [3][-]{section*.54}{Desambiguaci\363n supervisada}{section*.26}% 53
\BOOKMARK [3][-]{section*.55}{Redes Sem\341nticas}{section*.26}% 54
\BOOKMARK [3][-]{section*.56}{Wikificaci\363n de Textos, Wikify!}{section*.26}% 55
\BOOKMARK [3][-]{section*.57}{Identificaci\363n de temas en base a un algoritmo de centralidad de un grafo ensayado}{section*.26}% 56
\BOOKMARK [3][-]{section*.58}{Relaciones Sem\341nticas en Wikipedia}{section*.26}% 57
\BOOKMARK [3][-]{section*.59}{Proximidad sem\341ntica}{section*.26}% 58
\BOOKMARK [3][-]{section*.60}{Wikirelate!}{section*.26}% 59
\BOOKMARK [3][-]{section*.61}{An\341lisis Sem\341ntico Expl\355cito \(Explicit Semantic Analysis \205 ESA\)}{section*.26}% 60
\BOOKMARK [2][-]{section*.62}{Wikipedia como red sem\341ntica}{section*.25}% 61
\BOOKMARK [3][-]{section*.63}{Wikipedia como corpus XML }{section*.62}% 62
\BOOKMARK [3][-]{section*.64}{Crear un corpus de texto plano de Wikipedia}{section*.62}% 63
\BOOKMARK [3][-]{section*.65}{Wikicorpus \(Reese2010\)}{section*.62}% 64
\BOOKMARK [3][-]{section*.66}{Wikitology: Wikipedia como una ontolog\355a.}{section*.62}% 65
\BOOKMARK [3][-]{section*.67}{APIs para Wikipedia}{section*.62}% 66
\BOOKMARK [3][-]{section*.68}{Calcular la proximidad de palabras}{section*.62}% 67
\BOOKMARK [3][-]{section*.69}{Sistema para indexar textos Wiki}{section*.62}% 68
\BOOKMARK [3][-]{section*.70}{Herramienta de miner\355a de Wikipedia \(Wikipedia Miner Toolkit\)}{section*.62}% 69
\BOOKMARK [3][-]{section*.71}{Librer\355a Wikipedia basada en Java \(JWPL - Java-based Wikipedia Library\) y Librer\355a Wiktionary basada en Java \(JWKLT \205 Java-based Wiktionary Library\)}{section*.62}% 70
\BOOKMARK [3][-]{section*.72}{WikiLibros}{section*.62}% 71
\BOOKMARK [3][-]{section*.73}{Herramienta para generar Libros \(Book Tool\)}{section*.62}% 72
